[0914/175530.058:ERROR:process_memory_win.cc(73)] ReadMemory at 0x7ff61e030000 of 64 bytes failed: Only part of a ReadProcessMemory or WriteProcessMemory request was completed. (0x12B)
[0914/175530.550:WARNING:pe_image_reader.cc(340)] could not read dos header from C:\Program Files (x86)\Google\Chrome\Application\chrome.exe
[0914/175530.550:ERROR:process_memory_win.cc(73)] ReadMemory at 0x7fffddb40000 of 64 bytes failed: Only part of a ReadProcessMemory or WriteProcessMemory request was completed. (0x12B)
[0914/175530.550:WARNING:pe_image_reader.cc(340)] could not read dos header from C:\Windows\SYSTEM32\ntdll.dll
[0914/175530.550:ERROR:process_memory_win.cc(73)] ReadMemory at 0x7fffdda10000 of 64 bytes failed: Only part of a ReadProcessMemory or WriteProcessMemory request was completed. (0x12B)
[0914/175530.562:WARNING:pe_image_reader.cc(340)] could not read dos header from C:\Windows\System32\KERNEL32.DLL
[0914/175530.562:ERROR:process_memory_win.cc(73)] ReadMemory at 0x7fffdae60000 of 64 bytes failed: Only part of a ReadProcessMemory or WriteProcessMemory request was completed. (0x12B)
[0914/175530.562:WARNING:pe_image_reader.cc(340)] could not read dos header from C:\Windows\System32\KERNELBASE.dll
[0914/175530.562:ERROR:process_memory_win.cc(73)] ReadMemory at 0x7fffbb300000 of 64 bytes failed: Only part of a ReadProcessMemory or WriteProcessMemory request was completed. (0x12B)
[0914/175530.562:WARNING:pe_image_reader.cc(340)] could not read dos header from C:\Program Files (x86)\Google\Chrome\Application\85.0.4183.102\chrome_elf.dll
[0914/175530.562:ERROR:process_memory_win.cc(73)] ReadMemory at 0x7fffd6e50000 of 64 bytes failed: Only part of a ReadProcessMemory or WriteProcessMemory request was completed. (0x12B)
[0914/175530.562:WARNING:pe_image_reader.cc(340)] could not read dos header from C:\Windows\SYSTEM32\VERSION.dll
[0914/175530.562:ERROR:process_memory_win.cc(73)] ReadMemory at 0x7fffdd860000 of 64 bytes failed: Only part of a ReadProcessMemory or WriteProcessMemory request was completed. (0x12B)
[0914/175530.562:WARNING:pe_image_reader.cc(340)] could not read dos header from C:\Windows\System32\msvcrt.dll
[0914/175530.562:ERROR:process_memory_win.cc(73)] ReadMemory at 0x7fffdaaa0000 of 64 bytes failed: Only part of a ReadProcessMemory or WriteProcessMemory request was completed. (0x12B)
[0914/175530.562:WARNING:pe_image_reader.cc(340)] could not read dos header from C:\Windows\System32\bcryptPrimitives.dll
[0914/175530.562:ERROR:process_memory_win.cc(73)] ReadMemory at 0x7fffdd220000 of 64 bytes failed: Only part of a ReadProcessMemory or WriteProcessMemory request was completed. (0x12B)
[0914/175530.562:WARNING:pe_image_reader.cc(340)] could not read dos header from C:\Windows\System32\ADVAPI32.dll
[0914/175530.562:ERROR:process_memory_win.cc(73)] ReadMemory at 0x7fffdcfa0000 of 64 bytes failed: Only part of a ReadProcessMemory or WriteProcessMemory request was completed. (0x12B)
[0914/175530.562:WARNING:pe_image_reader.cc(340)] could not read dos header from C:\Windows\System32\sechost.dll
[0914/175530.562:ERROR:process_memory_win.cc(73)] ReadMemory at 0x7fffdd740000 of 64 bytes failed: Only part of a ReadProcessMemory or WriteProcessMemory request was completed. (0x12B)
[0914/175530.562:WARNING:pe_image_reader.cc(340)] could not read dos header from C:\Windows\System32\RPCRT4.dll
[0914/175530.562:ERROR:process_memory_win.cc(73)] ReadMemory at 0x7fff540c0000 of 64 bytes failed: Only part of a ReadProcessMemory or WriteProcessMemory request was completed. (0x12B)
[0914/175530.562:WARNING:pe_image_reader.cc(340)] could not read dos header from C:\Program Files (x86)\Google\Chrome\Application\85.0.4183.102\chrome.dll
[0914/175530.562:ERROR:process_memory_win.cc(73)] ReadMemory at 0x7fffdc790000 of 64 bytes failed: Only part of a ReadProcessMemory or WriteProcessMemory request was completed. (0x12B)
[0914/175530.562:WARNING:pe_image_reader.cc(340)] could not read dos header from C:\Windows\System32\WS2_32.dll
[0914/175530.562:ERROR:process_memory_win.cc(73)] ReadMemory at 0x7fffdd2d0000 of 64 bytes failed: Only part of a ReadProcessMemory or WriteProcessMemory request was completed. (0x12B)
[0914/175530.562:WARNING:pe_image_reader.cc(340)] could not read dos header from C:\Windows\System32\OLEAUT32.dll
[0914/175530.562:ERROR:process_memory_win.cc(73)] ReadMemory at 0x7fffdac50000 of 64 bytes failed: Only part of a ReadProcessMemory or WriteProcessMemory request was completed. (0x12B)
[0914/175530.562:WARNING:pe_image_reader.cc(340)] could not read dos header from C:\Windows\System32\msvcp_win.dll
[0914/175530.562:ERROR:process_memory_win.cc(73)] ReadMemory at 0x7fffdab20000 of 64 bytes failed: Only part of a ReadProcessMemory or WriteProcessMemory request was completed. (0x12B)
[0914/175530.562:WARNING:pe_image_reader.cc(340)] could not read dos header from C:\Windows\System32\ucrtbase.dll
[0914/175530.562:ERROR:process_memory_win.cc(73)] ReadMemory at 0x7fffdd400000 of 64 bytes failed: Only part of a ReadProcessMemory or WriteProcessMemory request was completed. (0x12B)
[0914/175530.562:WARNING:pe_image_reader.cc(340)] could not read dos header from C:\Windows\System32\combase.dll
[0914/175530.562:ERROR:process_memory_win.cc(73)] ReadMemory at 0x7fffdb110000 of 64 bytes failed: Only part of a ReadProcessMemory or WriteProcessMemory request was completed. (0x12B)
[0914/175530.562:WARNING:pe_image_reader.cc(340)] could not read dos header from C:\Windows\System32\WINTRUST.dll
[0914/175530.562:ERROR:process_memory_win.cc(73)] ReadMemory at 0x7fffdaa00000 of 64 bytes failed: Only part of a ReadProcessMemory or WriteProcessMemory request was completed. (0x12B)
[0914/175530.562:WARNING:pe_image_reader.cc(340)] could not read dos header from C:\Windows\System32\MSASN1.dll
[0914/175530.562:ERROR:process_memory_win.cc(73)] ReadMemory at 0x7fffdad10000 of 64 bytes failed: Only part of a ReadProcessMemory or WriteProcessMemory request was completed. (0x12B)
[0914/175530.562:WARNING:pe_image_reader.cc(340)] could not read dos header from C:\Windows\System32\CRYPT32.dll
[0914/175530.562:ERROR:process_memory_win.cc(73)] ReadMemory at 0x7fffd9f30000 of 64 bytes failed: Only part of a ReadProcessMemory or WriteProcessMemory request was completed. (0x12B)
[0914/175530.562:WARNING:pe_image_reader.cc(340)] could not read dos header from C:\Windows\SYSTEM32\IPHLPAPI.DLL
[0914/175530.562:ERROR:process_memory_win.cc(73)] ReadMemory at 0x7fffced30000 of 64 bytes failed: Only part of a ReadProcessMemory or WriteProcessMemory request was completed. (0x12B)
[0914/175530.562:WARNING:pe_image_reader.cc(340)] could not read dos header from C:\Windows\SYSTEM32\WINMM.dll
[0914/175530.562:ERROR:process_memory_win.cc(73)] ReadMemory at 0x7fffa5650000 of 64 bytes failed: Only part of a ReadProcessMemory or WriteProcessMemory request was completed. (0x12B)
[0914/175530.562:WARNING:pe_image_reader.cc(340)] could not read dos header from C:\Windows\SYSTEM32\UIAutomationCore.DLL
[0914/175530.562:ERROR:process_memory_win.cc(73)] ReadMemory at 0x7fffd07f0000 of 64 bytes failed: Only part of a ReadProcessMemory or WriteProcessMemory request was completed. (0x12B)
[0914/175530.562:WARNING:pe_image_reader.cc(340)] could not read dos header from C:\Windows\SYSTEM32\Secur32.dll
[0914/175530.562:ERROR:process_memory_win.cc(73)] ReadMemory at 0x7fffda8f0000 of 64 bytes failed: Only part of a ReadProcessMemory or WriteProcessMemory request was completed. (0x12B)
[0914/175530.562:WARNING:pe_image_reader.cc(340)] could not read dos header from C:\Windows\SYSTEM32\USERENV.dll
[0914/175530.562:ERROR:process_memory_win.cc(73)] ReadMemory at 0x7fffdaa20000 of 64 bytes failed: Only part of a ReadProcessMemory or WriteProcessMemory request was completed. (0x12B)
[0914/175530.562:WARNING:pe_image_reader.cc(340)] could not read dos header from C:\Windows\System32\profapi.dll
[0914/175530.562:ERROR:process_memory_win.cc(73)] ReadMemory at 0x7fffb9720000 of 64 bytes failed: Only part of a ReadProcessMemory or WriteProcessMemory request was completed. (0x12B)
[0914/175530.562:WARNING:pe_image_reader.cc(340)] could not read dos header from C:\Windows\SYSTEM32\DWrite.dll
[0914/175530.562:ERROR:process_memory_win.cc(73)] ReadMemory at 0x7fffd6fe0000 of 64 bytes failed: Only part of a ReadProcessMemory or WriteProcessMemory request was completed. (0x12B)
[0914/175530.562:WARNING:pe_image_reader.cc(340)] could not read dos header from C:\Windows\SYSTEM32\WINSPOOL.DRV
[0914/175530.562:ERROR:process_memory_win.cc(73)] ReadMemory at 0x7fffda9e0000 of 64 bytes failed: Only part of a ReadProcessMemory or WriteProcessMemory request was completed. (0x12B)
[0914/175530.562:WARNING:pe_image_reader.cc(340)] could not read dos header from C:\Windows\System32\kernel.appcore.dll
[0914/175530.562:ERROR:process_memory_win.cc(73)] ReadMemory at 0x7fffdb170000 of 64 bytes failed: Only part of a ReadProcessMemory or WriteProcessMemory request was completed. (0x12B)
[0914/175530.562:WARNING:pe_image_reader.cc(340)] could not read dos header from C:\Windows\System32\bcrypt.dll
[0914/175530.562:ERROR:process_memory_win.cc(73)] ReadMemory at 0x7fffd3600000 of 64 bytes failed: Only part of a ReadProcessMemory or WriteProcessMemory request was completed. (0x12B)
[0914/175530.562:WARNING:pe_image_reader.cc(340)] could not read dos header from C:\Windows\SYSTEM32\dbghelp.dll
[0914/175530.562:ERROR:process_memory_win.cc(73)] ReadMemory at 0x7fffd1eb0000 of 64 bytes failed: Only part of a ReadProcessMemory or WriteProcessMemory request was completed. (0x12B)
[0914/175530.562:WARNING:pe_image_reader.cc(340)] could not read dos header from C:\Windows\SYSTEM32\WINHTTP.dll
[0914/175530.562:ERROR:process_memory_win.cc(73)] ReadMemory at 0x7fffd5330000 of 64 bytes failed: Only part of a ReadProcessMemory or WriteProcessMemory request was completed. (0x12B)
[0914/175530.562:WARNING:pe_image_reader.cc(340)] could not read dos header from C:\Windows\SYSTEM32\dhcpcsvc.DLL
[0914/175530.562:ERROR:process_memory_win.cc(73)] ReadMemory at 0x7fffdbbc0000 of 64 bytes failed: Only part of a ReadProcessMemory or WriteProcessMemory request was completed. (0x12B)
[0914/175530.562:WARNING:pe_image_reader.cc(340)] could not read dos header from C:\Windows\System32\NSI.dll
[0914/175530.562:ERROR:process_memory_win.cc(73)] ReadMemory at 0x7fffced60000 of 64 bytes failed: Only part of a ReadProcessMemory or WriteProcessMemory request was completed. (0x12B)
[0914/175530.562:WARNING:pe_image_reader.cc(340)] could not read dos header from C:\Windows\SYSTEM32\WINMMBASE.dll
[0914/175530.562:ERROR:process_memory_win.cc(73)] ReadMemory at 0x7fffdb250000 of 64 bytes failed: Only part of a ReadProcessMemory or WriteProcessMemory request was completed. (0x12B)
[0914/175530.562:WARNING:pe_image_reader.cc(340)] could not read dos header from C:\Windows\System32\cfgmgr32.dll
[0914/175530.566:ERROR:process_memory_win.cc(73)] ReadMemory at 0x7fffd70b0000 of 64 bytes failed: Only part of a ReadProcessMemory or WriteProcessMemory request was completed. (0x12B)
[0914/175530.566:WARNING:pe_image_reader.cc(340)] could not read dos header from C:\Windows\SYSTEM32\PROPSYS.dll
[0914/175530.566:ERROR:process_memory_win.cc(73)] ReadMemory at 0x7fffdd960000 of 64 bytes failed: Only part of a ReadProcessMemory or WriteProcessMemory request was completed. (0x12B)
[0914/175530.566:WARNING:pe_image_reader.cc(340)] could not read dos header from C:\Windows\System32\shcore.dll
[0914/175530.566:ERROR:process_memory_win.cc(73)] ReadMemory at 0x7fffda8b0000 of 64 bytes failed: Only part of a ReadProcessMemory or WriteProcessMemory request was completed. (0x12B)
[0914/175530.566:WARNING:pe_image_reader.cc(340)] could not read dos header from C:\Windows\SYSTEM32\SSPICLI.DLL
[0914/175530.566:ERROR:process_memory_win.cc(73)] ReadMemory at 0x7fffda3f0000 of 64 bytes failed: Only part of a ReadProcessMemory or WriteProcessMemory request was completed. (0x12B)
[0914/175530.566:WARNING:pe_image_reader.cc(340)] could not read dos header from C:\Windows\SYSTEM32\CRYPTBASE.DLL
[0914/175530.935:ERROR:process_memory_win.cc(73)] ReadMemory at 0x7ff61e030000 of 64 bytes failed: Only part of a ReadProcessMemory or WriteProcessMemory request was completed. (0x12B)
[0914/175530.935:WARNING:pe_image_reader.cc(340)] could not read dos header from C:\Program Files (x86)\Google\Chrome\Application\chrome.exe
[0914/175530.935:ERROR:process_memory_win.cc(73)] ReadMemory at 0x7fffddb40000 of 64 bytes failed: Only part of a ReadProcessMemory or WriteProcessMemory request was completed. (0x12B)
[0914/175530.935:WARNING:pe_image_reader.cc(340)] could not read dos header from C:\Windows\SYSTEM32\ntdll.dll
[0914/175530.935:ERROR:process_memory_win.cc(73)] ReadMemory at 0x7fffdda10000 of 64 bytes failed: Only part of a ReadProcessMemory or WriteProcessMemory request was completed. (0x12B)
[0914/175530.935:WARNING:pe_image_reader.cc(340)] could not read dos header from C:\Windows\System32\KERNEL32.DLL
[0914/175530.935:ERROR:process_memory_win.cc(73)] ReadMemory at 0x7fffdae60000 of 64 bytes failed: Only part of a ReadProcessMemory or WriteProcessMemory request was completed. (0x12B)
[0914/175530.935:WARNING:pe_image_reader.cc(340)] could not read dos header from C:\Windows\System32\KERNELBASE.dll
[0914/175530.939:ERROR:process_memory_win.cc(73)] ReadMemory at 0x7fffbb300000 of 64 bytes failed: Only part of a ReadProcessMemory or WriteProcessMemory request was completed. (0x12B)
[0914/175530.939:WARNING:pe_image_reader.cc(340)] could not read dos header from C:\Program Files (x86)\Google\Chrome\Application\85.0.4183.102\chrome_elf.dll
[0914/175530.939:ERROR:process_memory_win.cc(73)] ReadMemory at 0x7fffd6e50000 of 64 bytes failed: Only part of a ReadProcessMemory or WriteProcessMemory request was completed. (0x12B)
[0914/175530.939:WARNING:pe_image_reader.cc(340)] could not read dos header from C:\Windows\SYSTEM32\VERSION.dll
[0914/175530.939:ERROR:process_memory_win.cc(73)] ReadMemory at 0x7fffdd860000 of 64 bytes failed: Only part of a ReadProcessMemory or WriteProcessMemory request was completed. (0x12B)
[0914/175530.939:WARNING:pe_image_reader.cc(340)] could not read dos header from C:\Windows\System32\msvcrt.dll
[0914/175530.939:ERROR:process_memory_win.cc(73)] ReadMemory at 0x7fffdaaa0000 of 64 bytes failed: Only part of a ReadProcessMemory or WriteProcessMemory request was completed. (0x12B)
[0914/175530.939:WARNING:pe_image_reader.cc(340)] could not read dos header from C:\Windows\System32\bcryptPrimitives.dll
[0914/175530.939:ERROR:process_memory_win.cc(73)] ReadMemory at 0x7fffdd220000 of 64 bytes failed: Only part of a ReadProcessMemory or WriteProcessMemory request was completed. (0x12B)
[0914/175530.939:WARNING:pe_image_reader.cc(340)] could not read dos header from C:\Windows\System32\ADVAPI32.dll
[0914/175530.939:ERROR:process_memory_win.cc(73)] ReadMemory at 0x7fffdcfa0000 of 64 bytes failed: Only part of a ReadProcessMemory or WriteProcessMemory request was completed. (0x12B)
[0914/175530.939:WARNING:pe_image_reader.cc(340)] could not read dos header from C:\Windows\System32\sechost.dll
[0914/175530.939:ERROR:process_memory_win.cc(73)] ReadMemory at 0x7fffdd740000 of 64 bytes failed: Only part of a ReadProcessMemory or WriteProcessMemory request was completed. (0x12B)
[0914/175530.939:WARNING:pe_image_reader.cc(340)] could not read dos header from C:\Windows\System32\RPCRT4.dll
[0914/175530.939:ERROR:process_memory_win.cc(73)] ReadMemory at 0x7fff540c0000 of 64 bytes failed: Only part of a ReadProcessMemory or WriteProcessMemory request was completed. (0x12B)
[0914/175530.939:WARNING:pe_image_reader.cc(340)] could not read dos header from C:\Program Files (x86)\Google\Chrome\Application\85.0.4183.102\chrome.dll
[0914/175530.939:ERROR:process_memory_win.cc(73)] ReadMemory at 0x7fffdc790000 of 64 bytes failed: Only part of a ReadProcessMemory or WriteProcessMemory request was completed. (0x12B)
[0914/175530.939:WARNING:pe_image_reader.cc(340)] could not read dos header from C:\Windows\System32\WS2_32.dll
[0914/175530.939:ERROR:process_memory_win.cc(73)] ReadMemory at 0x7fffdd2d0000 of 64 bytes failed: Only part of a ReadProcessMemory or WriteProcessMemory request was completed. (0x12B)
[0914/175530.939:WARNING:pe_image_reader.cc(340)] could not read dos header from C:\Windows\System32\OLEAUT32.dll
[0914/175530.939:ERROR:process_memory_win.cc(73)] ReadMemory at 0x7fffdac50000 of 64 bytes failed: Only part of a ReadProcessMemory or WriteProcessMemory request was completed. (0x12B)
[0914/175530.939:WARNING:pe_image_reader.cc(340)] could not read dos header from C:\Windows\System32\msvcp_win.dll
[0914/175530.939:ERROR:process_memory_win.cc(73)] ReadMemory at 0x7fffdab20000 of 64 bytes failed: Only part of a ReadProcessMemory or WriteProcessMemory request was completed. (0x12B)
[0914/175530.939:WARNING:pe_image_reader.cc(340)] could not read dos header from C:\Windows\System32\ucrtbase.dll
[0914/175530.939:ERROR:process_memory_win.cc(73)] ReadMemory at 0x7fffdd400000 of 64 bytes failed: Only part of a ReadProcessMemory or WriteProcessMemory request was completed. (0x12B)
[0914/175530.939:WARNING:pe_image_reader.cc(340)] could not read dos header from C:\Windows\System32\combase.dll
[0914/175530.939:ERROR:process_memory_win.cc(73)] ReadMemory at 0x7fffdb110000 of 64 bytes failed: Only part of a ReadProcessMemory or WriteProcessMemory request was completed. (0x12B)
[0914/175530.939:WARNING:pe_image_reader.cc(340)] could not read dos header from C:\Windows\System32\WINTRUST.dll
[0914/175530.939:ERROR:process_memory_win.cc(73)] ReadMemory at 0x7fffdaa00000 of 64 bytes failed: Only part of a ReadProcessMemory or WriteProcessMemory request was completed. (0x12B)
[0914/175530.939:WARNING:pe_image_reader.cc(340)] could not read dos header from C:\Windows\System32\MSASN1.dll
[0914/175530.939:ERROR:process_memory_win.cc(73)] ReadMemory at 0x7fffdad10000 of 64 bytes failed: Only part of a ReadProcessMemory or WriteProcessMemory request was completed. (0x12B)
[0914/175530.939:WARNING:pe_image_reader.cc(340)] could not read dos header from C:\Windows\System32\CRYPT32.dll
[0914/175530.939:ERROR:process_memory_win.cc(73)] ReadMemory at 0x7fffd9f30000 of 64 bytes failed: Only part of a ReadProcessMemory or WriteProcessMemory request was completed. (0x12B)
[0914/175530.939:WARNING:pe_image_reader.cc(340)] could not read dos header from C:\Windows\SYSTEM32\IPHLPAPI.DLL
[0914/175530.939:ERROR:process_memory_win.cc(73)] ReadMemory at 0x7fffced30000 of 64 bytes failed: Only part of a ReadProcessMemory or WriteProcessMemory request was completed. (0x12B)
[0914/175530.939:WARNING:pe_image_reader.cc(340)] could not read dos header from C:\Windows\SYSTEM32\WINMM.dll
[0914/175530.939:ERROR:process_memory_win.cc(73)] ReadMemory at 0x7fffa5650000 of 64 bytes failed: Only part of a ReadProcessMemory or WriteProcessMemory request was completed. (0x12B)
[0914/175530.939:WARNING:pe_image_reader.cc(340)] could not read dos header from C:\Windows\SYSTEM32\UIAutomationCore.DLL
[0914/175530.939:ERROR:process_memory_win.cc(73)] ReadMemory at 0x7fffd07f0000 of 64 bytes failed: Only part of a ReadProcessMemory or WriteProcessMemory request was completed. (0x12B)
[0914/175530.939:WARNING:pe_image_reader.cc(340)] could not read dos header from C:\Windows\SYSTEM32\Secur32.dll
[0914/175530.939:ERROR:process_memory_win.cc(73)] ReadMemory at 0x7fffda8f0000 of 64 bytes failed: Only part of a ReadProcessMemory or WriteProcessMemory request was completed. (0x12B)
[0914/175530.943:WARNING:pe_image_reader.cc(340)] could not read dos header from C:\Windows\SYSTEM32\USERENV.dll
[0914/175530.943:ERROR:process_memory_win.cc(73)] ReadMemory at 0x7fffdaa20000 of 64 bytes failed: Only part of a ReadProcessMemory or WriteProcessMemory request was completed. (0x12B)
[0914/175530.943:WARNING:pe_image_reader.cc(340)] could not read dos header from C:\Windows\System32\profapi.dll
[0914/175530.943:ERROR:process_memory_win.cc(73)] ReadMemory at 0x7fffb9720000 of 64 bytes failed: Only part of a ReadProcessMemory or WriteProcessMemory request was completed. (0x12B)
[0914/175530.943:WARNING:pe_image_reader.cc(340)] could not read dos header from C:\Windows\SYSTEM32\DWrite.dll
[0914/175530.943:ERROR:process_memory_win.cc(73)] ReadMemory at 0x7fffd6fe0000 of 64 bytes failed: Only part of a ReadProcessMemory or WriteProcessMemory request was completed. (0x12B)
[0914/175530.943:WARNING:pe_image_reader.cc(340)] could not read dos header from C:\Windows\SYSTEM32\WINSPOOL.DRV
[0914/175530.943:ERROR:process_memory_win.cc(73)] ReadMemory at 0x7fffda9e0000 of 64 bytes failed: Only part of a ReadProcessMemory or WriteProcessMemory request was completed. (0x12B)
[0914/175530.943:WARNING:pe_image_reader.cc(340)] could not read dos header from C:\Windows\System32\kernel.appcore.dll
[0914/175530.943:ERROR:process_memory_win.cc(73)] ReadMemory at 0x7fffdb170000 of 64 bytes failed: Only part of a ReadProcessMemory or WriteProcessMemory request was completed. (0x12B)
[0914/175530.943:WARNING:pe_image_reader.cc(340)] could not read dos header from C:\Windows\System32\bcrypt.dll
[0914/175530.943:ERROR:process_memory_win.cc(73)] ReadMemory at 0x7fffd3600000 of 64 bytes failed: Only part of a ReadProcessMemory or WriteProcessMemory request was completed. (0x12B)
[0914/175530.943:WARNING:pe_image_reader.cc(340)] could not read dos header from C:\Windows\SYSTEM32\dbghelp.dll
[0914/175530.943:ERROR:process_memory_win.cc(73)] ReadMemory at 0x7fffd1eb0000 of 64 bytes failed: Only part of a ReadProcessMemory or WriteProcessMemory request was completed. (0x12B)
[0914/175530.943:WARNING:pe_image_reader.cc(340)] could not read dos header from C:\Windows\SYSTEM32\WINHTTP.dll
[0914/175530.943:ERROR:process_memory_win.cc(73)] ReadMemory at 0x7fffd5330000 of 64 bytes failed: Only part of a ReadProcessMemory or WriteProcessMemory request was completed. (0x12B)
[0914/175530.943:WARNING:pe_image_reader.cc(340)] could not read dos header from C:\Windows\SYSTEM32\dhcpcsvc.DLL
[0914/175530.943:ERROR:process_memory_win.cc(73)] ReadMemory at 0x7fffdbbc0000 of 64 bytes failed: Only part of a ReadProcessMemory or WriteProcessMemory request was completed. (0x12B)
[0914/175530.943:WARNING:pe_image_reader.cc(340)] could not read dos header from C:\Windows\System32\NSI.dll
[0914/175530.943:ERROR:process_memory_win.cc(73)] ReadMemory at 0x7fffced60000 of 64 bytes failed: Only part of a ReadProcessMemory or WriteProcessMemory request was completed. (0x12B)
[0914/175530.943:WARNING:pe_image_reader.cc(340)] could not read dos header from C:\Windows\SYSTEM32\WINMMBASE.dll
[0914/175530.943:ERROR:process_memory_win.cc(73)] ReadMemory at 0x7fffdb250000 of 64 bytes failed: Only part of a ReadProcessMemory or WriteProcessMemory request was completed. (0x12B)
[0914/175530.943:WARNING:pe_image_reader.cc(340)] could not read dos header from C:\Windows\System32\cfgmgr32.dll
[0914/175530.943:ERROR:process_memory_win.cc(73)] ReadMemory at 0x7fffd70b0000 of 64 bytes failed: Only part of a ReadProcessMemory or WriteProcessMemory request was completed. (0x12B)
[0914/175530.943:WARNING:pe_image_reader.cc(340)] could not read dos header from C:\Windows\SYSTEM32\PROPSYS.dll
[0914/175530.943:ERROR:process_memory_win.cc(73)] ReadMemory at 0x7fffdd960000 of 64 bytes failed: Only part of a ReadProcessMemory or WriteProcessMemory request was completed. (0x12B)
[0914/175530.943:WARNING:pe_image_reader.cc(340)] could not read dos header from C:\Windows\System32\shcore.dll
[0914/175530.943:ERROR:process_memory_win.cc(73)] ReadMemory at 0x7fffda8b0000 of 64 bytes failed: Only part of a ReadProcessMemory or WriteProcessMemory request was completed. (0x12B)
[0914/175530.943:WARNING:pe_image_reader.cc(340)] could not read dos header from C:\Windows\SYSTEM32\SSPICLI.DLL
[0914/175530.943:ERROR:process_memory_win.cc(73)] ReadMemory at 0x7fffda3f0000 of 64 bytes failed: Only part of a ReadProcessMemory or WriteProcessMemory request was completed. (0x12B)
[0914/175530.943:WARNING:pe_image_reader.cc(340)] could not read dos header from C:\Windows\SYSTEM32\CRYPTBASE.DLL
[0914/175530.943:ERROR:process_memory_win.cc(73)] ReadMemory at 0x7ff61e030000 of 64 bytes failed: Only part of a ReadProcessMemory or WriteProcessMemory request was completed. (0x12B)
[0914/175530.943:WARNING:pe_image_reader.cc(340)] could not read dos header from C:\Program Files (x86)\Google\Chrome\Application\chrome.exe
[0914/175530.943:ERROR:process_memory_win.cc(73)] ReadMemory at 0x7fffddb40000 of 64 bytes failed: Only part of a ReadProcessMemory or WriteProcessMemory request was completed. (0x12B)
[0914/175530.943:WARNING:pe_image_reader.cc(340)] could not read dos header from C:\Windows\SYSTEM32\ntdll.dll
[0914/175530.943:ERROR:process_memory_win.cc(73)] ReadMemory at 0x7fffdda10000 of 64 bytes failed: Only part of a ReadProcessMemory or WriteProcessMemory request was completed. (0x12B)
[0914/175530.943:WARNING:pe_image_reader.cc(340)] could not read dos header from C:\Windows\System32\KERNEL32.DLL
[0914/175530.943:ERROR:process_memory_win.cc(73)] ReadMemory at 0x7fffdae60000 of 64 bytes failed: Only part of a ReadProcessMemory or WriteProcessMemory request was completed. (0x12B)
[0914/175530.943:WARNING:pe_image_reader.cc(340)] could not read dos header from C:\Windows\System32\KERNELBASE.dll
[0914/175530.943:ERROR:process_memory_win.cc(73)] ReadMemory at 0x7fffbb300000 of 64 bytes failed: Only part of a ReadProcessMemory or WriteProcessMemory request was completed. (0x12B)
[0914/175530.943:WARNING:pe_image_reader.cc(340)] could not read dos header from C:\Program Files (x86)\Google\Chrome\Application\85.0.4183.102\chrome_elf.dll
[0914/175530.943:ERROR:process_memory_win.cc(73)] ReadMemory at 0x7fffd6e50000 of 64 bytes failed: Only part of a ReadProcessMemory or WriteProcessMemory request was completed. (0x12B)
[0914/175530.947:WARNING:pe_image_reader.cc(340)] could not read dos header from C:\Windows\SYSTEM32\VERSION.dll
[0914/175530.947:ERROR:process_memory_win.cc(73)] ReadMemory at 0x7fffdd860000 of 64 bytes failed: Only part of a ReadProcessMemory or WriteProcessMemory request was completed. (0x12B)
[0914/175530.947:WARNING:pe_image_reader.cc(340)] could not read dos header from C:\Windows\System32\msvcrt.dll
[0914/175530.947:ERROR:process_memory_win.cc(73)] ReadMemory at 0x7fffdaaa0000 of 64 bytes failed: Only part of a ReadProcessMemory or WriteProcessMemory request was completed. (0x12B)
[0914/175530.947:WARNING:pe_image_reader.cc(340)] could not read dos header from C:\Windows\System32\bcryptPrimitives.dll
[0914/175530.947:ERROR:process_memory_win.cc(73)] ReadMemory at 0x7fffdd220000 of 64 bytes failed: Only part of a ReadProcessMemory or WriteProcessMemory request was completed. (0x12B)
[0914/175530.947:WARNING:pe_image_reader.cc(340)] could not read dos header from C:\Windows\System32\ADVAPI32.dll
[0914/175530.947:ERROR:process_memory_win.cc(73)] ReadMemory at 0x7fffdcfa0000 of 64 bytes failed: Only part of a ReadProcessMemory or WriteProcessMemory request was completed. (0x12B)
[0914/175530.947:WARNING:pe_image_reader.cc(340)] could not read dos header from C:\Windows\System32\sechost.dll
[0914/175530.947:ERROR:process_memory_win.cc(73)] ReadMemory at 0x7fffdd740000 of 64 bytes failed: Only part of a ReadProcessMemory or WriteProcessMemory request was completed. (0x12B)
[0914/175530.947:WARNING:pe_image_reader.cc(340)] could not read dos header from C:\Windows\System32\RPCRT4.dll
[0914/175530.947:ERROR:process_memory_win.cc(73)] ReadMemory at 0x7fff540c0000 of 64 bytes failed: Only part of a ReadProcessMemory or WriteProcessMemory request was completed. (0x12B)
[0914/175530.947:WARNING:pe_image_reader.cc(340)] could not read dos header from C:\Program Files (x86)\Google\Chrome\Application\85.0.4183.102\chrome.dll
[0914/175530.947:ERROR:process_memory_win.cc(73)] ReadMemory at 0x7fffdc790000 of 64 bytes failed: Only part of a ReadProcessMemory or WriteProcessMemory request was completed. (0x12B)
[0914/175530.947:WARNING:pe_image_reader.cc(340)] could not read dos header from C:\Windows\System32\WS2_32.dll
[0914/175530.947:ERROR:process_memory_win.cc(73)] ReadMemory at 0x7fffdd2d0000 of 64 bytes failed: Only part of a ReadProcessMemory or WriteProcessMemory request was completed. (0x12B)
[0914/175530.947:WARNING:pe_image_reader.cc(340)] could not read dos header from C:\Windows\System32\OLEAUT32.dll
[0914/175530.947:ERROR:process_memory_win.cc(73)] ReadMemory at 0x7fffdac50000 of 64 bytes failed: Only part of a ReadProcessMemory or WriteProcessMemory request was completed. (0x12B)
[0914/175530.947:WARNING:pe_image_reader.cc(340)] could not read dos header from C:\Windows\System32\msvcp_win.dll
[0914/175530.947:ERROR:process_memory_win.cc(73)] ReadMemory at 0x7fffdab20000 of 64 bytes failed: Only part of a ReadProcessMemory or WriteProcessMemory request was completed. (0x12B)
[0914/175530.947:WARNING:pe_image_reader.cc(340)] could not read dos header from C:\Windows\System32\ucrtbase.dll
[0914/175530.947:ERROR:process_memory_win.cc(73)] ReadMemory at 0x7fffdd400000 of 64 bytes failed: Only part of a ReadProcessMemory or WriteProcessMemory request was completed. (0x12B)
[0914/175530.947:WARNING:pe_image_reader.cc(340)] could not read dos header from C:\Windows\System32\combase.dll
[0914/175530.947:ERROR:process_memory_win.cc(73)] ReadMemory at 0x7fffdb110000 of 64 bytes failed: Only part of a ReadProcessMemory or WriteProcessMemory request was completed. (0x12B)
[0914/175530.947:WARNING:pe_image_reader.cc(340)] could not read dos header from C:\Windows\System32\WINTRUST.dll
[0914/175530.947:ERROR:process_memory_win.cc(73)] ReadMemory at 0x7fffdaa00000 of 64 bytes failed: Only part of a ReadProcessMemory or WriteProcessMemory request was completed. (0x12B)
[0914/175530.947:WARNING:pe_image_reader.cc(340)] could not read dos header from C:\Windows\System32\MSASN1.dll
[0914/175530.947:ERROR:process_memory_win.cc(73)] ReadMemory at 0x7fffdad10000 of 64 bytes failed: Only part of a ReadProcessMemory or WriteProcessMemory request was completed. (0x12B)
[0914/175530.947:WARNING:pe_image_reader.cc(340)] could not read dos header from C:\Windows\System32\CRYPT32.dll
[0914/175530.947:ERROR:process_memory_win.cc(73)] ReadMemory at 0x7fffd9f30000 of 64 bytes failed: Only part of a ReadProcessMemory or WriteProcessMemory request was completed. (0x12B)
[0914/175530.947:WARNING:pe_image_reader.cc(340)] could not read dos header from C:\Windows\SYSTEM32\IPHLPAPI.DLL
[0914/175530.947:ERROR:process_memory_win.cc(73)] ReadMemory at 0x7fffced30000 of 64 bytes failed: Only part of a ReadProcessMemory or WriteProcessMemory request was completed. (0x12B)
[0914/175530.947:WARNING:pe_image_reader.cc(340)] could not read dos header from C:\Windows\SYSTEM32\WINMM.dll
[0914/175530.947:ERROR:process_memory_win.cc(73)] ReadMemory at 0x7fffa5650000 of 64 bytes failed: Only part of a ReadProcessMemory or WriteProcessMemory request was completed. (0x12B)
[0914/175530.947:WARNING:pe_image_reader.cc(340)] could not read dos header from C:\Windows\SYSTEM32\UIAutomationCore.DLL
[0914/175530.947:ERROR:process_memory_win.cc(73)] ReadMemory at 0x7fffd07f0000 of 64 bytes failed: Only part of a ReadProcessMemory or WriteProcessMemory request was completed. (0x12B)
[0914/175530.947:WARNING:pe_image_reader.cc(340)] could not read dos header from C:\Windows\SYSTEM32\Secur32.dll
[0914/175530.947:ERROR:process_memory_win.cc(73)] ReadMemory at 0x7fffda8f0000 of 64 bytes failed: Only part of a ReadProcessMemory or WriteProcessMemory request was completed. (0x12B)
[0914/175530.947:WARNING:pe_image_reader.cc(340)] could not read dos header from C:\Windows\SYSTEM32\USERENV.dll
[0914/175530.947:ERROR:process_memory_win.cc(73)] ReadMemory at 0x7fffdaa20000 of 64 bytes failed: Only part of a ReadProcessMemory or WriteProcessMemory request was completed. (0x12B)
[0914/175530.947:WARNING:pe_image_reader.cc(340)] could not read dos header from C:\Windows\System32\profapi.dll
[0914/175530.947:ERROR:process_memory_win.cc(73)] ReadMemory at 0x7fffb9720000 of 64 bytes failed: Only part of a ReadProcessMemory or WriteProcessMemory request was completed. (0x12B)
[0914/175530.947:WARNING:pe_image_reader.cc(340)] could not read dos header from C:\Windows\SYSTEM32\DWrite.dll
[0914/175530.947:ERROR:process_memory_win.cc(73)] ReadMemory at 0x7fffd6fe0000 of 64 bytes failed: Only part of a ReadProcessMemory or WriteProcessMemory request was completed. (0x12B)
[0914/175530.947:WARNING:pe_image_reader.cc(340)] could not read dos header from C:\Windows\SYSTEM32\WINSPOOL.DRV
[0914/175530.947:ERROR:process_memory_win.cc(73)] ReadMemory at 0x7fffda9e0000 of 64 bytes failed: Only part of a ReadProcessMemory or WriteProcessMemory request was completed. (0x12B)
[0914/175530.947:WARNING:pe_image_reader.cc(340)] could not read dos header from C:\Windows\System32\kernel.appcore.dll
[0914/175530.947:ERROR:process_memory_win.cc(73)] ReadMemory at 0x7fffdb170000 of 64 bytes failed: Only part of a ReadProcessMemory or WriteProcessMemory request was completed. (0x12B)
[0914/175530.947:WARNING:pe_image_reader.cc(340)] could not read dos header from C:\Windows\System32\bcrypt.dll
[0914/175530.947:ERROR:process_memory_win.cc(73)] ReadMemory at 0x7fffd3600000 of 64 bytes failed: Only part of a ReadProcessMemory or WriteProcessMemory request was completed. (0x12B)
[0914/175530.947:WARNING:pe_image_reader.cc(340)] could not read dos header from C:\Windows\SYSTEM32\dbghelp.dll
[0914/175530.947:ERROR:process_memory_win.cc(73)] ReadMemory at 0x7fffd1eb0000 of 64 bytes failed: Only part of a ReadProcessMemory or WriteProcessMemory request was completed. (0x12B)
[0914/175530.947:WARNING:pe_image_reader.cc(340)] could not read dos header from C:\Windows\SYSTEM32\WINHTTP.dll
[0914/175530.947:ERROR:process_memory_win.cc(73)] ReadMemory at 0x7fffd5330000 of 64 bytes failed: Only part of a ReadProcessMemory or WriteProcessMemory request was completed. (0x12B)
[0914/175530.947:WARNING:pe_image_reader.cc(340)] could not read dos header from C:\Windows\SYSTEM32\dhcpcsvc.DLL
[0914/175530.947:ERROR:process_memory_win.cc(73)] ReadMemory at 0x7fffdbbc0000 of 64 bytes failed: Only part of a ReadProcessMemory or WriteProcessMemory request was completed. (0x12B)
[0914/175530.947:WARNING:pe_image_reader.cc(340)] could not read dos header from C:\Windows\System32\NSI.dll
[0914/175530.947:ERROR:process_memory_win.cc(73)] ReadMemory at 0x7fffced60000 of 64 bytes failed: Only part of a ReadProcessMemory or WriteProcessMemory request was completed. (0x12B)
[0914/175530.947:WARNING:pe_image_reader.cc(340)] could not read dos header from C:\Windows\SYSTEM32\WINMMBASE.dll
[0914/175530.947:ERROR:process_memory_win.cc(73)] ReadMemory at 0x7fffdb250000 of 64 bytes failed: Only part of a ReadProcessMemory or WriteProcessMemory request was completed. (0x12B)
[0914/175530.947:WARNING:pe_image_reader.cc(340)] could not read dos header from C:\Windows\System32\cfgmgr32.dll
[0914/175530.947:ERROR:process_memory_win.cc(73)] ReadMemory at 0x7fffd70b0000 of 64 bytes failed: Only part of a ReadProcessMemory or WriteProcessMemory request was completed. (0x12B)
[0914/175530.947:WARNING:pe_image_reader.cc(340)] could not read dos header from C:\Windows\SYSTEM32\PROPSYS.dll
[0914/175530.947:ERROR:process_memory_win.cc(73)] ReadMemory at 0x7fffdd960000 of 64 bytes failed: Only part of a ReadProcessMemory or WriteProcessMemory request was completed. (0x12B)
[0914/175530.947:WARNING:pe_image_reader.cc(340)] could not read dos header from C:\Windows\System32\shcore.dll
[0914/175530.947:ERROR:process_memory_win.cc(73)] ReadMemory at 0x7fffda8b0000 of 64 bytes failed: Only part of a ReadProcessMemory or WriteProcessMemory request was completed. (0x12B)
[0914/175530.947:WARNING:pe_image_reader.cc(340)] could not read dos header from C:\Windows\SYSTEM32\SSPICLI.DLL
[0914/175530.947:ERROR:process_memory_win.cc(73)] ReadMemory at 0x7fffda3f0000 of 64 bytes failed: Only part of a ReadProcessMemory or WriteProcessMemory request was completed. (0x12B)
[0914/175530.947:WARNING:pe_image_reader.cc(340)] could not read dos header from C:\Windows\SYSTEM32\CRYPTBASE.DLL
[0914/175530.955:ERROR:process_memory_win.cc(73)] ReadMemory at 0xa3d0deb000 of 86016 bytes failed: Only part of a ReadProcessMemory or WriteProcessMemory request was completed. (0x12B)
[0914/175530.955:ERROR:process_memory_win.cc(73)] ReadMemory at 0xa3d15fd000 of 12288 bytes failed: Only part of a ReadProcessMemory or WriteProcessMemory request was completed. (0x12B)
[0914/175530.955:ERROR:process_memory_win.cc(73)] ReadMemory at 0xa3d25fc000 of 16384 bytes failed: Only part of a ReadProcessMemory or WriteProcessMemory request was completed. (0x12B)
[0914/175530.955:ERROR:process_memory_win.cc(73)] ReadMemory at 0xa3d2dfb000 of 20480 bytes failed: Only part of a ReadProcessMemory or WriteProcessMemory request was completed. (0x12B)
[0914/175530.955:ERROR:process_memory_win.cc(73)] ReadMemory at 0xa3d35fe000 of 8192 bytes failed: Only part of a ReadProcessMemory or WriteProcessMemory request was completed. (0x12B)
[0914/175530.955:ERROR:process_memory_win.cc(73)] ReadMemory at 0xa3d3dfd000 of 12288 bytes failed: Only part of a ReadProcessMemory or WriteProcessMemory request was completed. (0x12B)
[0914/175530.955:ERROR:process_memory_win.cc(73)] ReadMemory at 0xa3d45fc000 of 16384 bytes failed: Only part of a ReadProcessMemory or WriteProcessMemory request was completed. (0x12B)
[0914/175530.955:ERROR:process_memory_win.cc(73)] ReadMemory at 0xa3d55fd000 of 12288 bytes failed: Only part of a ReadProcessMemory or WriteProcessMemory request was completed. (0x12B)
[0914/175530.955:ERROR:process_memory_win.cc(73)] ReadMemory at 0xa3d5dfc000 of 16384 bytes failed: Only part of a ReadProcessMemory or WriteProcessMemory request was completed. (0x12B)
[0914/175530.955:ERROR:process_memory_win.cc(73)] ReadMemory at 0xa3d65fc000 of 16384 bytes failed: Only part of a ReadProcessMemory or WriteProcessMemory request was completed. (0x12B)
[0914/175530.955:ERROR:process_memory_win.cc(73)] ReadMemory at 0xa3d6dfc000 of 16384 bytes failed: Only part of a ReadProcessMemory or WriteProcessMemory request was completed. (0x12B)
[0914/175530.959:ERROR:process_memory_win.cc(73)] ReadMemory at 0xa3d75fb000 of 20480 bytes failed: Only part of a ReadProcessMemory or WriteProcessMemory request was completed. (0x12B)
[0914/175530.959:ERROR:process_memory_win.cc(73)] ReadMemory at 0xa3d7dfd000 of 12288 bytes failed: Only part of a ReadProcessMemory or WriteProcessMemory request was completed. (0x12B)
[0914/175530.959:ERROR:process_memory_win.cc(73)] ReadMemory at 0xa3d1dfd000 of 12288 bytes failed: Only part of a ReadProcessMemory or WriteProcessMemory request was completed. (0x12B)
[0914/175530.959:ERROR:process_memory_win.cc(73)] ReadMemory at 0xa3d4dfa000 of 24576 bytes failed: Only part of a ReadProcessMemory or WriteProcessMemory request was completed. (0x12B)
[0914/175530.959:ERROR:process_memory_win.cc(73)] ReadMemory at 0xa3d85fc000 of 16384 bytes failed: Only part of a ReadProcessMemory or WriteProcessMemory request was completed. (0x12B)
[0914/175530.959:ERROR:process_memory_win.cc(73)] ReadMemory at 0xa3d8dfc000 of 16384 bytes failed: Only part of a ReadProcessMemory or WriteProcessMemory request was completed. (0x12B)
[0914/175530.959:ERROR:process_memory_win.cc(73)] ReadMemory at 0xa3d95fc000 of 16384 bytes failed: Only part of a ReadProcessMemory or WriteProcessMemory request was completed. (0x12B)
[0914/175530.959:ERROR:process_memory_win.cc(73)] ReadMemory at 0xa3d9dfc000 of 16384 bytes failed: Only part of a ReadProcessMemory or WriteProcessMemory request was completed. (0x12B)
[0914/175530.959:ERROR:process_memory_win.cc(73)] ReadMemory at 0xa3da5fc000 of 16384 bytes failed: Only part of a ReadProcessMemory or WriteProcessMemory request was completed. (0x12B)
[0914/175530.959:ERROR:process_memory_win.cc(73)] ReadMemory at 0xa3dadfc000 of 16384 bytes failed: Only part of a ReadProcessMemory or WriteProcessMemory request was completed. (0x12B)
[0914/175530.959:ERROR:process_memory_win.cc(73)] ReadMemory at 0xa3db5ff000 of 4096 bytes failed: Only part of a ReadProcessMemory or WriteProcessMemory request was completed. (0x12B)
[0914/175530.959:ERROR:process_memory_win.cc(73)] ReadMemory at 0xa3d04e4000 of 6024 bytes failed: Only part of a ReadProcessMemory or WriteProcessMemory request was completed. (0x12B)
[0914/175530.959:ERROR:process_memory_win.cc(73)] ReadMemory at 0xa3d04f4000 of 6024 bytes failed: Only part of a ReadProcessMemory or WriteProcessMemory request was completed. (0x12B)
[0914/175530.959:ERROR:process_memory_win.cc(73)] ReadMemory at 0xa3d04f6000 of 6024 bytes failed: Only part of a ReadProcessMemory or WriteProcessMemory request was completed. (0x12B)
[0914/175530.959:ERROR:process_memory_win.cc(73)] ReadMemory at 0xa3d04f8000 of 6024 bytes failed: Only part of a ReadProcessMemory or WriteProcessMemory request was completed. (0x12B)
[0914/175530.959:ERROR:process_memory_win.cc(73)] ReadMemory at 0xa3d04fa000 of 6024 bytes failed: Only part of a ReadProcessMemory or WriteProcessMemory request was completed. (0x12B)
[0914/175530.959:ERROR:process_memory_win.cc(73)] ReadMemory at 0xa3d04fc000 of 6024 bytes failed: Only part of a ReadProcessMemory or WriteProcessMemory request was completed. (0x12B)
[0914/175530.959:ERROR:process_memory_win.cc(73)] ReadMemory at 0xa3d04fe000 of 6024 bytes failed: Only part of a ReadProcessMemory or WriteProcessMemory request was completed. (0x12B)
[0914/175530.959:ERROR:process_memory_win.cc(73)] ReadMemory at 0xa3d0500000 of 6024 bytes failed: Only part of a ReadProcessMemory or WriteProcessMemory request was completed. (0x12B)
[0914/175530.959:ERROR:process_memory_win.cc(73)] ReadMemory at 0xa3d0536000 of 852 bytes failed: Only part of a ReadProcessMemory or WriteProcessMemory request was completed. (0x12B)
[0914/175530.959:ERROR:process_memory_win.cc(73)] ReadMemory at 0xa3d0537000 of 6024 bytes failed: Only part of a ReadProcessMemory or WriteProcessMemory request was completed. (0x12B)
[0914/175530.959:ERROR:process_memory_win.cc(73)] ReadMemory at 0xa3d0539000 of 6024 bytes failed: Only part of a ReadProcessMemory or WriteProcessMemory request was completed. (0x12B)
[0914/175530.959:ERROR:process_memory_win.cc(73)] ReadMemory at 0xa3d053d000 of 6024 bytes failed: Only part of a ReadProcessMemory or WriteProcessMemory request was completed. (0x12B)
[0914/175530.959:ERROR:process_memory_win.cc(73)] ReadMemory at 0xa3d053f000 of 6024 bytes failed: Only part of a ReadProcessMemory or WriteProcessMemory request was completed. (0x12B)
[0914/175530.959:ERROR:process_memory_win.cc(73)] ReadMemory at 0xa3d0541000 of 6024 bytes failed: Only part of a ReadProcessMemory or WriteProcessMemory request was completed. (0x12B)
[0914/175530.959:ERROR:process_memory_win.cc(73)] ReadMemory at 0xa3d0543000 of 6024 bytes failed: Only part of a ReadProcessMemory or WriteProcessMemory request was completed. (0x12B)
[0914/175530.959:ERROR:process_memory_win.cc(73)] ReadMemory at 0xa3d0545000 of 6024 bytes failed: Only part of a ReadProcessMemory or WriteProcessMemory request was completed. (0x12B)
[0914/175530.959:ERROR:process_memory_win.cc(73)] ReadMemory at 0xa3d0549000 of 6024 bytes failed: Only part of a ReadProcessMemory or WriteProcessMemory request was completed. (0x12B)
[0914/175530.959:ERROR:process_memory_win.cc(73)] ReadMemory at 0xa3d054b000 of 6024 bytes failed: Only part of a ReadProcessMemory or WriteProcessMemory request was completed. (0x12B)
[0914/175530.959:ERROR:process_memory_win.cc(73)] ReadMemory at 0xa3d054d000 of 6024 bytes failed: Only part of a ReadProcessMemory or WriteProcessMemory request was completed. (0x12B)
[0914/175530.959:ERROR:process_memory_win.cc(73)] ReadMemory at 0xa3d054f000 of 6024 bytes failed: Only part of a ReadProcessMemory or WriteProcessMemory request was completed. (0x12B)
[0914/175530.959:ERROR:process_memory_win.cc(73)] ReadMemory at 0xa3d0551000 of 6024 bytes failed: Only part of a ReadProcessMemory or WriteProcessMemory request was completed. (0x12B)
[0914/175530.959:ERROR:process_memory_win.cc(73)] ReadMemory at 0xa3d0553000 of 6024 bytes failed: Only part of a ReadProcessMemory or WriteProcessMemory request was completed. (0x12B)
[0914/175530.959:ERROR:process_memory_win.cc(73)] ReadMemory at 0xa3d0561000 of 6024 bytes failed: Only part of a ReadProcessMemory or WriteProcessMemory request was completed. (0x12B)
[0914/175530.959:ERROR:process_memory_win.cc(73)] ReadMemory at 0x26b2d720fe0 of 18588 bytes failed: Only part of a ReadProcessMemory or WriteProcessMemory request was completed. (0x12B)
[0914/175530.959:ERROR:process_memory_win.cc(73)] ReadMemory at 0x26b2d725890 of 1012 bytes failed: Only part of a ReadProcessMemory or WriteProcessMemory request was completed. (0x12B)
[0914/175530.959:ERROR:process_memory_win.cc(73)] ReadMemory at 0x26b2d725ed8 of 118 bytes failed: Only part of a ReadProcessMemory or WriteProcessMemory request was completed. (0x12B)
[0914/175530.959:ERROR:process_memory_win.cc(73)] ReadMemory at 0x26b2d725f50 of 846 bytes failed: Only part of a ReadProcessMemory or WriteProcessMemory request was completed. (0x12B)
[0914/175530.959:ERROR:process_memory_win.cc(73)] ReadMemory at 0x26b2d7262a0 of 118 bytes failed: Only part of a ReadProcessMemory or WriteProcessMemory request was completed. (0x12B)
[0914/175530.959:ERROR:process_memory_win.cc(73)] ReadMemory at 0x26b2d726318 of 100 bytes failed: Only part of a ReadProcessMemory or WriteProcessMemory request was completed. (0x12B)
[0914/175530.959:ERROR:process_memory_win.cc(73)] ReadMemory at 0x26b2d726390 of 58 bytes failed: Only part of a ReadProcessMemory or WriteProcessMemory request was completed. (0x12B)
[0914/175530.959:ERROR:process_memory_win.cc(73)] ReadMemory at 0x26b2d726490 of 132 bytes failed: Only part of a ReadProcessMemory or WriteProcessMemory request was completed. (0x12B)
[0914/175530.959:ERROR:process_memory_win.cc(73)] ReadMemory at 0x26b2d726620 of 132 bytes failed: Only part of a ReadProcessMemory or WriteProcessMemory request was completed. (0x12B)
[0914/175530.959:ERROR:process_memory_win.cc(73)] ReadMemory at 0x26b2d7267e0 of 126 bytes failed: Only part of a ReadProcessMemory or WriteProcessMemory request was completed. (0x12B)
[0914/175530.959:ERROR:process_memory_win.cc(73)] ReadMemory at 0x26b2d726bc0 of 132 bytes failed: Only part of a ReadProcessMemory or WriteProcessMemory request was completed. (0x12B)
[0914/175530.959:ERROR:process_memory_win.cc(73)] ReadMemory at 0x26b2d726d50 of 64 bytes failed: Only part of a ReadProcessMemory or WriteProcessMemory request was completed. (0x12B)
[0914/175530.959:ERROR:process_memory_win.cc(73)] ReadMemory at 0x26b2d726f10 of 132 bytes failed: Only part of a ReadProcessMemory or WriteProcessMemory request was completed. (0x12B)
[0914/175530.959:ERROR:process_memory_win.cc(73)] ReadMemory at 0x26b2d7271b0 of 132 bytes failed: Only part of a ReadProcessMemory or WriteProcessMemory request was completed. (0x12B)
[0914/175530.959:ERROR:process_memory_win.cc(73)] ReadMemory at 0x26b2d727340 of 68 bytes failed: Only part of a ReadProcessMemory or WriteProcessMemory request was completed. (0x12B)
[0914/175530.959:ERROR:process_memory_win.cc(73)] ReadMemory at 0x26b2d728430 of 132 bytes failed: Only part of a ReadProcessMemory or WriteProcessMemory request was completed. (0x12B)
[0914/175530.959:ERROR:process_memory_win.cc(73)] ReadMemory at 0x26b2d7285c0 of 154 bytes failed: Only part of a ReadProcessMemory or WriteProcessMemory request was completed. (0x12B)
[0914/175530.959:ERROR:process_memory_win.cc(73)] ReadMemory at 0x26b2d72aa00 of 62 bytes failed: Only part of a ReadProcessMemory or WriteProcessMemory request was completed. (0x12B)
[0914/175530.959:ERROR:process_memory_win.cc(73)] ReadMemory at 0x26b2d72ab60 of 132 bytes failed: Only part of a ReadProcessMemory or WriteProcessMemory request was completed. (0x12B)
[0914/175530.959:ERROR:process_memory_win.cc(73)] ReadMemory at 0x26b2d72acf0 of 60 bytes failed: Only part of a ReadProcessMemory or WriteProcessMemory request was completed. (0x12B)
[0914/175530.959:ERROR:process_memory_win.cc(73)] ReadMemory at 0x26b2d7383c0 of 60 bytes failed: Only part of a ReadProcessMemory or WriteProcessMemory request was completed. (0x12B)
[0914/175530.959:ERROR:process_memory_win.cc(73)] ReadMemory at 0x26b2d738410 of 64 bytes failed: Only part of a ReadProcessMemory or WriteProcessMemory request was completed. (0x12B)
[0914/175530.959:ERROR:process_memory_win.cc(73)] ReadMemory at 0x26b2d738460 of 66 bytes failed: Only part of a ReadProcessMemory or WriteProcessMemory request was completed. (0x12B)
[0914/175530.959:ERROR:process_memory_win.cc(73)] ReadMemory at 0x26b2d7384b0 of 64 bytes failed: Only part of a ReadProcessMemory or WriteProcessMemory request was completed. (0x12B)
[0914/175530.959:ERROR:process_memory_win.cc(73)] ReadMemory at 0x26b2d738690 of 64 bytes failed: Only part of a ReadProcessMemory or WriteProcessMemory request was completed. (0x12B)
[0914/175530.959:ERROR:process_memory_win.cc(73)] ReadMemory at 0x26b2d7387d0 of 62 bytes failed: Only part of a ReadProcessMemory or WriteProcessMemory request was completed. (0x12B)
[0914/175530.959:ERROR:process_memory_win.cc(73)] ReadMemory at 0x26b2d738820 of 62 bytes failed: Only part of a ReadProcessMemory or WriteProcessMemory request was completed. (0x12B)
[0914/175530.959:ERROR:process_memory_win.cc(73)] ReadMemory at 0x26b2d7389b0 of 64 bytes failed: Only part of a ReadProcessMemory or WriteProcessMemory request was completed. (0x12B)
[0914/175530.959:ERROR:process_memory_win.cc(73)] ReadMemory at 0x26b2d738a00 of 60 bytes failed: Only part of a ReadProcessMemory or WriteProcessMemory request was completed. (0x12B)
[0914/175530.959:ERROR:process_memory_win.cc(73)] ReadMemory at 0x26b2d738a50 of 62 bytes failed: Only part of a ReadProcessMemory or WriteProcessMemory request was completed. (0x12B)
[0914/175530.959:ERROR:process_memory_win.cc(73)] ReadMemory at 0x26b2d738af0 of 64 bytes failed: Only part of a ReadProcessMemory or WriteProcessMemory request was completed. (0x12B)
[0914/175530.959:ERROR:process_memory_win.cc(73)] ReadMemory at 0x26b2d739090 of 60 bytes failed: Only part of a ReadProcessMemory or WriteProcessMemory request was completed. (0x12B)
[0914/175530.959:ERROR:process_memory_win.cc(73)] ReadMemory at 0x26b2d73ba10 of 80 bytes failed: Only part of a ReadProcessMemory or WriteProcessMemory request was completed. (0x12B)
[0914/175530.959:ERROR:process_memory_win.cc(73)] ReadMemory at 0x26b2d73ca10 of 132 bytes failed: Only part of a ReadProcessMemory or WriteProcessMemory request was completed. (0x12B)
[0914/175530.959:ERROR:process_memory_win.cc(73)] ReadMemory at 0x26b2d73ccc0 of 146 bytes failed: Only part of a ReadProcessMemory or WriteProcessMemory request was completed. (0x12B)
[0914/175530.959:ERROR:process_memory_win.cc(73)] ReadMemory at 0x26b2d73cfc0 of 132 bytes failed: Only part of a ReadProcessMemory or WriteProcessMemory request was completed. (0x12B)
[0914/175530.959:ERROR:process_memory_win.cc(73)] ReadMemory at 0x26b2d73d880 of 132 bytes failed: Only part of a ReadProcessMemory or WriteProcessMemory request was completed. (0x12B)
[0914/175530.959:ERROR:process_memory_win.cc(73)] ReadMemory at 0x26b2d73da00 of 76 bytes failed: Only part of a ReadProcessMemory or WriteProcessMemory request was completed. (0x12B)
[0914/175530.959:ERROR:process_memory_win.cc(73)] ReadMemory at 0x26b2d73e3c0 of 80 bytes failed: Only part of a ReadProcessMemory or WriteProcessMemory request was completed. (0x12B)
[0914/175530.959:ERROR:process_memory_win.cc(73)] ReadMemory at 0x26b2d746de0 of 132 bytes failed: Only part of a ReadProcessMemory or WriteProcessMemory request was completed. (0x12B)
[0914/175530.959:ERROR:process_memory_win.cc(73)] ReadMemory at 0x26b2d746f10 of 132 bytes failed: Only part of a ReadProcessMemory or WriteProcessMemory request was completed. (0x12B)
[0914/175530.959:ERROR:process_memory_win.cc(73)] ReadMemory at 0x26b2d747190 of 54 bytes failed: Only part of a ReadProcessMemory or WriteProcessMemory request was completed. (0x12B)
[0914/175530.959:ERROR:process_memory_win.cc(73)] ReadMemory at 0x26b2d7492d0 of 132 bytes failed: Only part of a ReadProcessMemory or WriteProcessMemory request was completed. (0x12B)
[0914/175530.959:ERROR:process_memory_win.cc(73)] ReadMemory at 0x26b2d7494e0 of 132 bytes failed: Only part of a ReadProcessMemory or WriteProcessMemory request was completed. (0x12B)
[0914/175530.959:ERROR:process_memory_win.cc(73)] ReadMemory at 0x26b2d74afe0 of 132 bytes failed: Only part of a ReadProcessMemory or WriteProcessMemory request was completed. (0x12B)
[0914/175530.959:ERROR:process_memory_win.cc(73)] ReadMemory at 0x26b2d74b110 of 132 bytes failed: Only part of a ReadProcessMemory or WriteProcessMemory request was completed. (0x12B)
[0914/175530.959:ERROR:process_memory_win.cc(73)] ReadMemory at 0x26b2d74b240 of 132 bytes failed: Only part of a ReadProcessMemory or WriteProcessMemory request was completed. (0x12B)
[0914/175530.959:ERROR:process_memory_win.cc(73)] ReadMemory at 0x26b2d74b370 of 132 bytes failed: Only part of a ReadProcessMemory or WriteProcessMemory request was completed. (0x12B)
[0914/175530.959:ERROR:process_memory_win.cc(73)] ReadMemory at 0x26b2d74b4a0 of 132 bytes failed: Only part of a ReadProcessMemory or WriteProcessMemory request was completed. (0x12B)
[0914/175530.959:ERROR:process_memory_win.cc(73)] ReadMemory at 0x26b2d74b5d0 of 132 bytes failed: Only part of a ReadProcessMemory or WriteProcessMemory request was completed. (0x12B)
[0914/175530.959:ERROR:process_memory_win.cc(73)] ReadMemory at 0x26b2d74b700 of 132 bytes failed: Only part of a ReadProcessMemory or WriteProcessMemory request was completed. (0x12B)
[0914/175530.959:ERROR:process_memory_win.cc(73)] ReadMemory at 0x26b2d74b830 of 132 bytes failed: Only part of a ReadProcessMemory or WriteProcessMemory request was completed. (0x12B)
[0914/175530.959:ERROR:process_memory_win.cc(73)] ReadMemory at 0x26b2d74b960 of 132 bytes failed: Only part of a ReadProcessMemory or WriteProcessMemory request was completed. (0x12B)
[0914/175530.959:ERROR:process_memory_win.cc(73)] ReadMemory at 0x26b2d74ba90 of 132 bytes failed: Only part of a ReadProcessMemory or WriteProcessMemory request was completed. (0x12B)
[0914/175530.963:ERROR:process_memory_win.cc(73)] ReadMemory at 0x26b2d74bcf0 of 132 bytes failed: Only part of a ReadProcessMemory or WriteProcessMemory request was completed. (0x12B)
[0914/175530.963:ERROR:process_memory_win.cc(73)] ReadMemory at 0x26b2d74be20 of 132 bytes failed: Only part of a ReadProcessMemory or WriteProcessMemory request was completed. (0x12B)
[0914/175530.963:ERROR:process_memory_win.cc(73)] ReadMemory at 0x26b2d74e9b0 of 132 bytes failed: Only part of a ReadProcessMemory or WriteProcessMemory request was completed. (0x12B)
[0914/175530.963:ERROR:process_memory_win.cc(73)] ReadMemory at 0x26b2d74ebd0 of 132 bytes failed: Only part of a ReadProcessMemory or WriteProcessMemory request was completed. (0x12B)
[0914/175530.963:ERROR:process_memory_win.cc(73)] ReadMemory at 0x26b2d74edf0 of 132 bytes failed: Only part of a ReadProcessMemory or WriteProcessMemory request was completed. (0x12B)
[0914/175530.963:ERROR:process_memory_win.cc(73)] ReadMemory at 0x26b2d74f0a0 of 132 bytes failed: Only part of a ReadProcessMemory or WriteProcessMemory request was completed. (0x12B)
[0914/175530.963:ERROR:process_memory_win.cc(73)] ReadMemory at 0x26b2d74f1d0 of 132 bytes failed: Only part of a ReadProcessMemory or WriteProcessMemory request was completed. (0x12B)
[0914/175530.963:ERROR:process_memory_win.cc(73)] ReadMemory at 0x26b2d74f430 of 132 bytes failed: Only part of a ReadProcessMemory or WriteProcessMemory request was completed. (0x12B)
[0914/175530.963:ERROR:process_memory_win.cc(73)] ReadMemory at 0x26b2d74f8f0 of 132 bytes failed: Only part of a ReadProcessMemory or WriteProcessMemory request was completed. (0x12B)
[0914/175530.963:ERROR:process_memory_win.cc(73)] ReadMemory at 0x26b2d750140 of 132 bytes failed: Only part of a ReadProcessMemory or WriteProcessMemory request was completed. (0x12B)
[0914/175530.963:ERROR:process_memory_win.cc(73)] ReadMemory at 0x26b2d7503a0 of 132 bytes failed: Only part of a ReadProcessMemory or WriteProcessMemory request was completed. (0x12B)
[0914/175530.963:ERROR:process_memory_win.cc(73)] ReadMemory at 0x26b2d7504d0 of 132 bytes failed: Only part of a ReadProcessMemory or WriteProcessMemory request was completed. (0x12B)
[0914/175530.963:ERROR:process_memory_win.cc(73)] ReadMemory at 0x26b2d750600 of 132 bytes failed: Only part of a ReadProcessMemory or WriteProcessMemory request was completed. (0x12B)
[0914/175530.963:ERROR:process_memory_win.cc(73)] ReadMemory at 0x26b2d750730 of 132 bytes failed: Only part of a ReadProcessMemory or WriteProcessMemory request was completed. (0x12B)
[0914/175530.963:ERROR:process_memory_win.cc(73)] ReadMemory at 0x26b2d750bf0 of 132 bytes failed: Only part of a ReadProcessMemory or WriteProcessMemory request was completed. (0x12B)
[0914/175530.963:ERROR:process_memory_win.cc(73)] ReadMemory at 0x26b2d750f80 of 60 bytes failed: Only part of a ReadProcessMemory or WriteProcessMemory request was completed. (0x12B)
[0914/175530.963:ERROR:process_memory_win.cc(73)] ReadMemory at 0x26b2d750fd0 of 62 bytes failed: Only part of a ReadProcessMemory or WriteProcessMemory request was completed. (0x12B)
[0914/175530.963:ERROR:process_memory_win.cc(73)] ReadMemory at 0x26b2d751430 of 64 bytes failed: Only part of a ReadProcessMemory or WriteProcessMemory request was completed. (0x12B)
[0914/175530.963:ERROR:process_memory_win.cc(73)] ReadMemory at 0x26b2d751480 of 58 bytes failed: Only part of a ReadProcessMemory or WriteProcessMemory request was completed. (0x12B)
[0914/175530.963:ERROR:process_memory_win.cc(73)] ReadMemory at 0x26b2d751570 of 60 bytes failed: Only part of a ReadProcessMemory or WriteProcessMemory request was completed. (0x12B)
[0914/175530.963:ERROR:process_memory_win.cc(73)] ReadMemory at 0x26b2d751750 of 62 bytes failed: Only part of a ReadProcessMemory or WriteProcessMemory request was completed. (0x12B)
[0914/175530.963:ERROR:process_memory_win.cc(73)] ReadMemory at 0x26b2d7517a0 of 64 bytes failed: Only part of a ReadProcessMemory or WriteProcessMemory request was completed. (0x12B)
[0914/175530.963:ERROR:process_memory_win.cc(73)] ReadMemory at 0x26b2d7517f0 of 60 bytes failed: Only part of a ReadProcessMemory or WriteProcessMemory request was completed. (0x12B)
[0914/175530.963:ERROR:process_memory_win.cc(73)] ReadMemory at 0x26b2d751890 of 62 bytes failed: Only part of a ReadProcessMemory or WriteProcessMemory request was completed. (0x12B)
[0914/175530.963:ERROR:process_memory_win.cc(73)] ReadMemory at 0x26b2d7518e0 of 66 bytes failed: Only part of a ReadProcessMemory or WriteProcessMemory request was completed. (0x12B)
[0914/175530.963:ERROR:process_memory_win.cc(73)] ReadMemory at 0x26b2d751c50 of 64 bytes failed: Only part of a ReadProcessMemory or WriteProcessMemory request was completed. (0x12B)
[0914/175530.963:ERROR:process_memory_win.cc(73)] ReadMemory at 0x26b2d751cf0 of 62 bytes failed: Only part of a ReadProcessMemory or WriteProcessMemory request was completed. (0x12B)
[0914/175530.963:ERROR:process_memory_win.cc(73)] ReadMemory at 0x26b2d751d90 of 62 bytes failed: Only part of a ReadProcessMemory or WriteProcessMemory request was completed. (0x12B)
[0914/175530.963:ERROR:process_memory_win.cc(73)] ReadMemory at 0x26b2d751e30 of 62 bytes failed: Only part of a ReadProcessMemory or WriteProcessMemory request was completed. (0x12B)
[0914/175530.963:ERROR:process_memory_win.cc(73)] ReadMemory at 0x26b2d751ed0 of 62 bytes failed: Only part of a ReadProcessMemory or WriteProcessMemory request was completed. (0x12B)
[0914/175530.963:ERROR:process_memory_win.cc(73)] ReadMemory at 0x26b2d79cdc8 of 512 bytes failed: Only part of a ReadProcessMemory or WriteProcessMemory request was completed. (0x12B)
[0914/175530.963:ERROR:process_memory_win.cc(73)] ReadMemory at 0x26b2d7b45b0 of 560 bytes failed: Only part of a ReadProcessMemory or WriteProcessMemory request was completed. (0x12B)
[0914/175530.963:ERROR:process_memory_win.cc(73)] ReadMemory at 0x26b2d7b8670 of 512 bytes failed: Only part of a ReadProcessMemory or WriteProcessMemory request was completed. (0x12B)
[0914/175530.963:ERROR:process_memory_win.cc(73)] ReadMemory at 0x26b2d7bf6f0 of 512 bytes failed: Only part of a ReadProcessMemory or WriteProcessMemory request was completed. (0x12B)
[0914/175530.963:ERROR:process_memory_win.cc(73)] ReadMemory at 0x26b2d7c1440 of 512 bytes failed: Only part of a ReadProcessMemory or WriteProcessMemory request was completed. (0x12B)
[0914/175530.963:ERROR:process_memory_win.cc(73)] ReadMemory at 0x26b2d7e12c0 of 512 bytes failed: Only part of a ReadProcessMemory or WriteProcessMemory request was completed. (0x12B)
[0914/175530.963:ERROR:process_memory_win.cc(73)] ReadMemory at 0x26b2d7e4990 of 512 bytes failed: Only part of a ReadProcessMemory or WriteProcessMemory request was completed. (0x12B)
[0914/175530.963:ERROR:process_memory_win.cc(73)] ReadMemory at 0x26b2d7f7250 of 712 bytes failed: Only part of a ReadProcessMemory or WriteProcessMemory request was completed. (0x12B)
[0914/175530.963:ERROR:process_memory_win.cc(73)] ReadMemory at 0x26b2d7fc150 of 512 bytes failed: Only part of a ReadProcessMemory or WriteProcessMemory request was completed. (0x12B)
[0914/175530.963:ERROR:process_memory_win.cc(73)] ReadMemory at 0x26b2d930dc0 of 512 bytes failed: Only part of a ReadProcessMemory or WriteProcessMemory request was completed. (0x12B)
[0914/175530.963:ERROR:process_memory_win.cc(73)] ReadMemory at 0x26b2d9343c0 of 704 bytes failed: Only part of a ReadProcessMemory or WriteProcessMemory request was completed. (0x12B)
[0914/175530.963:ERROR:process_memory_win.cc(73)] ReadMemory at 0x26b2f10cec4 of 1104 bytes failed: Only part of a ReadProcessMemory or WriteProcessMemory request was completed. (0x12B)
[0914/175530.963:ERROR:process_memory_win.cc(73)] ReadMemory at 0x26b2f12a9f0 of 512 bytes failed: Only part of a ReadProcessMemory or WriteProcessMemory request was completed. (0x12B)
[0914/175530.963:ERROR:process_memory_win.cc(73)] ReadMemory at 0x26b2f153d38 of 512 bytes failed: Only part of a ReadProcessMemory or WriteProcessMemory request was completed. (0x12B)
[0914/175530.963:ERROR:process_memory_win.cc(73)] ReadMemory at 0x26b2f990440 of 512 bytes failed: Only part of a ReadProcessMemory or WriteProcessMemory request was completed. (0x12B)
[0914/175530.963:ERROR:process_memory_win.cc(73)] ReadMemory at 0x26b303e64e0 of 512 bytes failed: Only part of a ReadProcessMemory or WriteProcessMemory request was completed. (0x12B)
[0914/175530.963:ERROR:process_memory_win.cc(73)] ReadMemory at 0x26b305eff03 of 512 bytes failed: Only part of a ReadProcessMemory or WriteProcessMemory request was completed. (0x12B)
[0914/175530.963:ERROR:process_memory_win.cc(73)] ReadMemory at 0x26b3686ed58 of 512 bytes failed: Only part of a ReadProcessMemory or WriteProcessMemory request was completed. (0x12B)
[0914/175530.963:ERROR:process_memory_win.cc(73)] ReadMemory at 0x26b36b86dc0 of 648 bytes failed: Only part of a ReadProcessMemory or WriteProcessMemory request was completed. (0x12B)
[0914/175530.963:ERROR:process_memory_win.cc(73)] ReadMemory at 0x26b36b87080 of 664 bytes failed: Only part of a ReadProcessMemory or WriteProcessMemory request was completed. (0x12B)
[0914/175530.963:ERROR:process_memory_win.cc(73)] ReadMemory at 0x6b3e08040e6d of 512 bytes failed: Only part of a ReadProcessMemory or WriteProcessMemory request was completed. (0x12B)
[0914/175530.963:ERROR:process_memory_win.cc(73)] ReadMemory at 0x6b3e08c7ff80 of 512 bytes failed: Only part of a ReadProcessMemory or WriteProcessMemory request was completed. (0x12B)
[0914/175530.963:ERROR:process_memory_win.cc(73)] ReadMemory at 0x6b3e08ca7598 of 516 bytes failed: Only part of a ReadProcessMemory or WriteProcessMemory request was completed. (0x12B)
[0914/175530.963:ERROR:process_memory_win.cc(73)] ReadMemory at 0x6b3e09cbff80 of 512 bytes failed: Only part of a ReadProcessMemory or WriteProcessMemory request was completed. (0x12B)
[0914/175530.963:ERROR:process_memory_win.cc(73)] ReadMemory at 0x6b3e09cd251c of 516 bytes failed: Only part of a ReadProcessMemory or WriteProcessMemory request was completed. (0x12B)
[0914/175530.963:ERROR:process_memory_win.cc(73)] ReadMemory at 0x6b3e09fbff80 of 512 bytes failed: Only part of a ReadProcessMemory or WriteProcessMemory request was completed. (0x12B)
[0914/175530.963:ERROR:process_memory_win.cc(73)] ReadMemory at 0x6b3e09fd98e0 of 512 bytes failed: Only part of a ReadProcessMemory or WriteProcessMemory request was completed. (0x12B)
[0914/175530.963:ERROR:process_memory_win.cc(73)] ReadMemory at 0x6b3e42d72bd4 of 512 bytes failed: Only part of a ReadProcessMemory or WriteProcessMemory request was completed. (0x12B)
[0914/175530.963:ERROR:process_memory_win.cc(73)] ReadMemory at 0x6b3e42f7ff80 of 512 bytes failed: Only part of a ReadProcessMemory or WriteProcessMemory request was completed. (0x12B)
[0914/175530.963:ERROR:process_memory_win.cc(73)] ReadMemory at 0x6b3e8723ff80 of 512 bytes failed: Only part of a ReadProcessMemory or WriteProcessMemory request was completed. (0x12B)
[0914/175530.963:ERROR:process_memory_win.cc(73)] ReadMemory at 0x6b3e87250f80 of 513 bytes failed: Only part of a ReadProcessMemory or WriteProcessMemory request was completed. (0x12B)
[0914/175530.963:ERROR:process_memory_win.cc(73)] ReadMemory at 0x7fff55f7be2d of 829 bytes failed: Only part of a ReadProcessMemory or WriteProcessMemory request was completed. (0x12B)
[0914/175530.963:ERROR:process_memory_win.cc(73)] ReadMemory at 0x7fff56dc0030 of 512 bytes failed: Only part of a ReadProcessMemory or WriteProcessMemory request was completed. (0x12B)
[0914/175530.963:ERROR:process_memory_win.cc(73)] ReadMemory at 0x7fff56dee17d of 512 bytes failed: Only part of a ReadProcessMemory or WriteProcessMemory request was completed. (0x12B)
[0914/175530.963:ERROR:process_memory_win.cc(73)] ReadMemory at 0x7fff5bbb7b60 of 512 bytes failed: Only part of a ReadProcessMemory or WriteProcessMemory request was completed. (0x12B)
[0914/175530.963:ERROR:process_memory_win.cc(73)] ReadMemory at 0x7fff5be86680 of 512 bytes failed: Only part of a ReadProcessMemory or WriteProcessMemory request was completed. (0x12B)
[0914/175530.963:ERROR:process_memory_win.cc(73)] ReadMemory at 0x7fffbb335160 of 512 bytes failed: Only part of a ReadProcessMemory or WriteProcessMemory request was completed. (0x12B)
[0914/175530.963:ERROR:process_memory_win.cc(73)] ReadMemory at 0x7fffbb335867 of 512 bytes failed: Only part of a ReadProcessMemory or WriteProcessMemory request was completed. (0x12B)
[0914/175530.963:ERROR:process_memory_win.cc(73)] ReadMemory at 0x7fffdda31f80 of 512 bytes failed: Only part of a ReadProcessMemory or WriteProcessMemory request was completed. (0x12B)
[0914/175530.963:ERROR:process_memory_win.cc(73)] ReadMemory at 0x7fffddbdc074 of 672 bytes failed: Only part of a ReadProcessMemory or WriteProcessMemory request was completed. (0x12B)
[0914/175530.963:ERROR:process_memory_win.cc(73)] ReadMemory at 0x7fffddbdf924 of 608 bytes failed: Only part of a ReadProcessMemory or WriteProcessMemory request was completed. (0x12B)
[0914/175530.963:ERROR:process_memory_win.cc(73)] ReadMemory at 0x7fffddc6c428 of 18 bytes failed: Only part of a ReadProcessMemory or WriteProcessMemory request was completed. (0x12B)
[0914/175530.963:ERROR:process_memory_win.cc(73)] ReadMemory at 0x7fffddc9f4f8 of 40 bytes failed: Only part of a ReadProcessMemory or WriteProcessMemory request was completed. (0x12B)
[0914/175530.963:ERROR:process_memory_win.cc(73)] ReadMemory at 0x7fffddc9f978 of 48 bytes failed: Only part of a ReadProcessMemory or WriteProcessMemory request was completed. (0x12B)
[0914/175530.963:ERROR:process_memory_win.cc(73)] ReadMemory at 0x7fffddca53c0 of 64 bytes failed: Only part of a ReadProcessMemory or WriteProcessMemory request was completed. (0x12B)
[0914/175535.119:ERROR:scoped_process_suspend.cc(40)] NtResumeProcess: An attempt was made to access an exiting process. (0xc000010a)
